<?xml version="1.0" encoding="UTF-8"?>
<!-- Generated by org.testng.reporters.JUnitXMLReporter -->
<testsuite ignored="4" hostname="VIKRAMDIXITH-1XMZ1G2" failures="2" tests="3" name="Login and Consignmnet tests" time="30.964" errors="0" timestamp="2024-05-27T13:03:38 IST">
  <testcase classname="com.poc.atf.testscripts.ActiveTestScripts" name="activeScreenTest on [ActiveTestScripts passed=0 failed=0 skipped=0]" time="0.63">
    <failure type="org.openqa.selenium.ElementClickInterceptedException" message="Element &amp;lt;input class=&amp;quot;form-control&amp;quot; name=&amp;quot;startDate&amp;quot; type=&amp;quot;text&amp;quot;&amp;gt; is not clickable at point (823,222) because another element &amp;lt;div class=&amp;quot;dataLoadpage show-m&amp;quot;&amp;gt; obscures it
Build info: version: &amp;apos;4.8.3&amp;apos;, revision: &amp;apos;e5e76298c3&amp;apos;
System info: os.name: &amp;apos;Windows 10&amp;apos;, os.arch: &amp;apos;amd64&amp;apos;, os.version: &amp;apos;10.0&amp;apos;, java.version: &amp;apos;21&amp;apos;
Driver info: org.openqa.selenium.firefox.FirefoxDriver
Command: [c146ad52-6f35-479b-8277-c779a017f366, clickElement {id=1ca51151-3fe5-4b57-8504-7dda0450371c}]
Capabilities {acceptInsecureCerts: true, browserName: firefox, browserVersion: 125.0.3, moz:accessibilityChecks: false, moz:buildID: 20240425211020, moz:debuggerAddress: 127.0.0.1:41238, moz:geckodriverVersion: 0.34.0, moz:headless: false, moz:platformVersion: 10.0, moz:processID: 18972, moz:profile: C:\Users\Nagendra\AppData\L..., moz:shutdownTimeout: 60000, moz:webdriverClick: true, moz:windowless: false, pageLoadStrategy: normal, platformName: WINDOWS, proxy: Proxy(), se:cdp: ws://127.0.0.1:41238/devtoo..., se:cdpVersion: 85.0, setWindowRect: true, strictFileInteractability: false, timeouts: {implicit: 0, pageLoad: 300000, script: 30000}, unhandledPromptBehavior: dismiss and notify, userAgent: Mozilla/5.0 (Windows NT 10....}
Element: [[FirefoxDriver: firefox on WINDOWS (c146ad52-6f35-479b-8277-c779a017f366)] -&amp;gt; xpath: //input[@name= &amp;apos;startDate&amp;apos;]]
Session ID: c146ad52-6f35-479b-8277-c779a017f366">
      <![CDATA[org.openqa.selenium.ElementClickInterceptedException: Element <input class="form-control" name="startDate" type="text"> is not clickable at point (823,222) because another element <div class="dataLoadpage show-m"> obscures it
Build info: version: '4.8.3', revision: 'e5e76298c3'
System info: os.name: 'Windows 10', os.arch: 'amd64', os.version: '10.0', java.version: '21'
Driver info: org.openqa.selenium.firefox.FirefoxDriver
Command: [c146ad52-6f35-479b-8277-c779a017f366, clickElement {id=1ca51151-3fe5-4b57-8504-7dda0450371c}]
Capabilities {acceptInsecureCerts: true, browserName: firefox, browserVersion: 125.0.3, moz:accessibilityChecks: false, moz:buildID: 20240425211020, moz:debuggerAddress: 127.0.0.1:41238, moz:geckodriverVersion: 0.34.0, moz:headless: false, moz:platformVersion: 10.0, moz:processID: 18972, moz:profile: C:\Users\Nagendra\AppData\L..., moz:shutdownTimeout: 60000, moz:webdriverClick: true, moz:windowless: false, pageLoadStrategy: normal, platformName: WINDOWS, proxy: Proxy(), se:cdp: ws://127.0.0.1:41238/devtoo..., se:cdpVersion: 85.0, setWindowRect: true, strictFileInteractability: false, timeouts: {implicit: 0, pageLoad: 300000, script: 30000}, unhandledPromptBehavior: dismiss and notify, userAgent: Mozilla/5.0 (Windows NT 10....}
Element: [[FirefoxDriver: firefox on WINDOWS (c146ad52-6f35-479b-8277-c779a017f366)] -> xpath: //input[@name= 'startDate']]
Session ID: c146ad52-6f35-479b-8277-c779a017f366
at org.openqa.selenium.remote.codec.w3c.W3CHttpResponseCodec.createException(W3CHttpResponseCodec.java:200)
at org.openqa.selenium.remote.codec.w3c.W3CHttpResponseCodec.decode(W3CHttpResponseCodec.java:133)
at org.openqa.selenium.remote.codec.w3c.W3CHttpResponseCodec.decode(W3CHttpResponseCodec.java:53)
at org.openqa.selenium.remote.HttpCommandExecutor.execute(HttpCommandExecutor.java:193)
at org.openqa.selenium.remote.service.DriverCommandExecutor.invokeExecute(DriverCommandExecutor.java:183)
at org.openqa.selenium.remote.service.DriverCommandExecutor.execute(DriverCommandExecutor.java:158)
at org.openqa.selenium.remote.RemoteWebDriver.execute(RemoteWebDriver.java:543)
at org.openqa.selenium.remote.RemoteWebElement.execute(RemoteWebElement.java:257)
at org.openqa.selenium.remote.RemoteWebElement.click(RemoteWebElement.java:78)
at org.openqa.selenium.support.pagefactory.internal.LocatingElementHandler.invoke(LocatingElementHandler.java:52)
at jdk.proxy2/jdk.proxy2.$Proxy19.click(Unknown Source)
at com.poc.atf.services.ActiveScreenService.fromDateActiveScreen(ActiveScreenService.java:22)
at com.poc.atf.testscripts.ActiveTestScripts.activeScreenTest(ActiveTestScripts.java:58)
at java.base/java.util.ArrayList.forEach(ArrayList.java:1596)
... Removed 30 stack frames]]>
    </failure>
  </testcase> <!-- activeScreenTest on [ActiveTestScripts passed=0 failed=0 skipped=0] -->
  <testcase classname="com.poc.atf.testscripts.CreateDoTestScripts" name="CreateDOScreenTest on [CreateDoTestScripts passed=0 failed=0 skipped=0]" time="18.52"/>
  <testcase classname="com.poc.atf.testscripts.MenuandRespectiveNamesTestScripts" name="activeScreenTest on [MenuandRespectiveNamesTestScripts passed=0 failed=0 skipped=0]" time="4.285">
    <failure type="java.lang.AssertionError" message="expected [Consignments] but found []">
      <![CDATA[java.lang.AssertionError: expected [Consignments] but found []
at com.poc.atf.validations.ActiveScreenValidations.validatemenuandscreennames(ActiveScreenValidations.java:111)
at com.poc.atf.testscripts.MenuandRespectiveNamesTestScripts.activeScreenTest(MenuandRespectiveNamesTestScripts.java:48)
at java.base/java.util.ArrayList.forEach(ArrayList.java:1596)
... Removed 31 stack frames]]>
    </failure>
  </testcase> <!-- activeScreenTest on [MenuandRespectiveNamesTestScripts passed=0 failed=0 skipped=0] -->
  <testcase classname="util.BaseListener" name="@AfterSuite endReport" time="0.0">
    <ignored/>
  </testcase> <!-- @AfterSuite endReport -->
  <testcase classname="util.BaseListener" name="@AfterSuite endReport" time="0.0">
    <ignored/>
  </testcase> <!-- @AfterSuite endReport -->
  <testcase classname="util.BaseListener" name="@BeforeSuite startReport" time="0.0">
    <ignored/>
  </testcase> <!-- @BeforeSuite startReport -->
  <testcase classname="util.BaseListener" name="@BeforeSuite startReport" time="0.0">
    <ignored/>
  </testcase> <!-- @BeforeSuite startReport -->
</testsuite> <!-- Login and Consignmnet tests -->
